2024-02-26 09:52:50,984 [Worker-2: Loading available Gradle versions] INFO  o.e.b.c.i.u.g.PublishedGradleVersions - Gradle version information cache is up-to-date. Trying to read.
2024-04-23 09:48:33,380 [Worker-6: Loading available Gradle versions] INFO  o.e.b.c.i.u.g.PublishedGradleVersions - Gradle version information cache is out-of-date. Trying to update.
2024-05-16 10:08:32,972 [Worker-7: Loading available Gradle versions] INFO  o.e.b.c.i.u.g.PublishedGradleVersions - Gradle version information cache is out-of-date. Trying to update.
2024-05-16 10:31:16,705 [Worker-1: Loading available Gradle versions] INFO  o.e.b.c.i.u.g.PublishedGradleVersions - Gradle version information cache is up-to-date. Trying to read.
2024-05-16 10:39:09,952 [Worker-8: https://download.eclipse.org/technology/epp/packages/2024-03/compositeArtifacts.xml] INFO  o.a.h.c.h.i.c.HttpRequestRetryExec - Recoverable I/O exception (java.net.SocketException) caught when processing request to {s}->https://download.eclipse.org:443
2024-05-16 10:39:31,101 [Worker-6: Loading available Gradle versions] INFO  o.e.b.c.i.u.g.PublishedGradleVersions - Gradle version information cache is up-to-date. Trying to read.
2024-05-16 11:34:23,420 [Worker-26: Updating Maven dependencies for project 'jpa-proj'] INFO  o.eclipse.m2e.core.internal.Bundles - getClasspathEntries(Bundle=org.eclipse.m2e.maven.runtime_3.9.400.20230826-0755 [624])
2024-05-16 11:34:23,426 [Worker-26: Updating Maven dependencies for project 'jpa-proj'] INFO  o.eclipse.m2e.core.internal.Bundles - 	Entry: D:\Installed softs\eclipse\plugins\org.eclipse.m2e.maven.runtime_3.9.400.20230826-0755
2024-05-16 11:34:23,427 [Worker-26: Updating Maven dependencies for project 'jpa-proj'] INFO  o.eclipse.m2e.core.internal.Bundles - 	Entry: D:\Installed softs\eclipse\plugins\org.eclipse.m2e.maven.runtime_3.9.400.20230826-0755\jars\aether-connector-okhttp-0.17.8.jar
2024-05-16 11:34:23,427 [Worker-26: Updating Maven dependencies for project 'jpa-proj'] INFO  o.eclipse.m2e.core.internal.Bundles - 	Entry: D:\Installed softs\eclipse\plugins\org.eclipse.m2e.maven.runtime_3.9.400.20230826-0755\jars\aopalliance-1.0.jar
2024-05-16 11:34:23,427 [Worker-26: Updating Maven dependencies for project 'jpa-proj'] INFO  o.eclipse.m2e.core.internal.Bundles - 	Entry: D:\Installed softs\eclipse\plugins\org.eclipse.m2e.maven.runtime_3.9.400.20230826-0755\jars\commons-lang3-3.12.0.jar
2024-05-16 11:34:23,427 [Worker-26: Updating Maven dependencies for project 'jpa-proj'] INFO  o.eclipse.m2e.core.internal.Bundles - 	Entry: D:\Installed softs\eclipse\plugins\org.eclipse.m2e.maven.runtime_3.9.400.20230826-0755\jars\guice-5.1.0.jar
2024-05-16 11:34:23,427 [Worker-26: Updating Maven dependencies for project 'jpa-proj'] INFO  o.eclipse.m2e.core.internal.Bundles - 	Entry: D:\Installed softs\eclipse\plugins\org.eclipse.m2e.maven.runtime_3.9.400.20230826-0755\jars\jansi-2.4.0.jar
2024-05-16 11:34:23,427 [Worker-26: Updating Maven dependencies for project 'jpa-proj'] INFO  o.eclipse.m2e.core.internal.Bundles - 	Entry: D:\Installed softs\eclipse\plugins\org.eclipse.m2e.maven.runtime_3.9.400.20230826-0755\jars\maven-artifact-3.9.4.jar
2024-05-16 11:34:23,427 [Worker-26: Updating Maven dependencies for project 'jpa-proj'] INFO  o.eclipse.m2e.core.internal.Bundles - 	Entry: D:\Installed softs\eclipse\plugins\org.eclipse.m2e.maven.runtime_3.9.400.20230826-0755\jars\maven-builder-support-3.9.4.jar
2024-05-16 11:34:23,427 [Worker-26: Updating Maven dependencies for project 'jpa-proj'] INFO  o.eclipse.m2e.core.internal.Bundles - 	Entry: D:\Installed softs\eclipse\plugins\org.eclipse.m2e.maven.runtime_3.9.400.20230826-0755\jars\maven-compat-3.9.4.jar
2024-05-16 11:34:23,427 [Worker-26: Updating Maven dependencies for project 'jpa-proj'] INFO  o.eclipse.m2e.core.internal.Bundles - 	Entry: D:\Installed softs\eclipse\plugins\org.eclipse.m2e.maven.runtime_3.9.400.20230826-0755\jars\maven-core-3.9.4.jar
2024-05-16 11:34:23,427 [Worker-26: Updating Maven dependencies for project 'jpa-proj'] INFO  o.eclipse.m2e.core.internal.Bundles - 	Entry: D:\Installed softs\eclipse\plugins\org.eclipse.m2e.maven.runtime_3.9.400.20230826-0755\jars\maven-embedder-3.9.4.jar
2024-05-16 11:34:23,427 [Worker-26: Updating Maven dependencies for project 'jpa-proj'] INFO  o.eclipse.m2e.core.internal.Bundles - 	Entry: D:\Installed softs\eclipse\plugins\org.eclipse.m2e.maven.runtime_3.9.400.20230826-0755\jars\maven-model-3.9.4.jar
2024-05-16 11:34:23,427 [Worker-26: Updating Maven dependencies for project 'jpa-proj'] INFO  o.eclipse.m2e.core.internal.Bundles - 	Entry: D:\Installed softs\eclipse\plugins\org.eclipse.m2e.maven.runtime_3.9.400.20230826-0755\jars\maven-model-builder-3.9.4.jar
2024-05-16 11:34:23,428 [Worker-26: Updating Maven dependencies for project 'jpa-proj'] INFO  o.eclipse.m2e.core.internal.Bundles - 	Entry: D:\Installed softs\eclipse\plugins\org.eclipse.m2e.maven.runtime_3.9.400.20230826-0755\jars\maven-plugin-api-3.9.4.jar
2024-05-16 11:34:23,428 [Worker-26: Updating Maven dependencies for project 'jpa-proj'] INFO  o.eclipse.m2e.core.internal.Bundles - 	Entry: D:\Installed softs\eclipse\plugins\org.eclipse.m2e.maven.runtime_3.9.400.20230826-0755\jars\maven-repository-metadata-3.9.4.jar
2024-05-16 11:34:23,428 [Worker-26: Updating Maven dependencies for project 'jpa-proj'] INFO  o.eclipse.m2e.core.internal.Bundles - 	Entry: D:\Installed softs\eclipse\plugins\org.eclipse.m2e.maven.runtime_3.9.400.20230826-0755\jars\maven-resolver-api-1.9.14.jar
2024-05-16 11:34:23,428 [Worker-26: Updating Maven dependencies for project 'jpa-proj'] INFO  o.eclipse.m2e.core.internal.Bundles - 	Entry: D:\Installed softs\eclipse\plugins\org.eclipse.m2e.maven.runtime_3.9.400.20230826-0755\jars\maven-resolver-connector-basic-1.9.14.jar
2024-05-16 11:34:23,428 [Worker-26: Updating Maven dependencies for project 'jpa-proj'] INFO  o.eclipse.m2e.core.internal.Bundles - 	Entry: D:\Installed softs\eclipse\plugins\org.eclipse.m2e.maven.runtime_3.9.400.20230826-0755\jars\maven-resolver-impl-1.9.14.jar
2024-05-16 11:34:23,428 [Worker-26: Updating Maven dependencies for project 'jpa-proj'] INFO  o.eclipse.m2e.core.internal.Bundles - 	Entry: D:\Installed softs\eclipse\plugins\org.eclipse.m2e.maven.runtime_3.9.400.20230826-0755\jars\maven-resolver-named-locks-1.9.14.jar
2024-05-16 11:34:23,428 [Worker-26: Updating Maven dependencies for project 'jpa-proj'] INFO  o.eclipse.m2e.core.internal.Bundles - 	Entry: D:\Installed softs\eclipse\plugins\org.eclipse.m2e.maven.runtime_3.9.400.20230826-0755\jars\maven-resolver-provider-3.9.4.jar
2024-05-16 11:34:23,428 [Worker-26: Updating Maven dependencies for project 'jpa-proj'] INFO  o.eclipse.m2e.core.internal.Bundles - 	Entry: D:\Installed softs\eclipse\plugins\org.eclipse.m2e.maven.runtime_3.9.400.20230826-0755\jars\maven-resolver-spi-1.9.14.jar
2024-05-16 11:34:23,428 [Worker-26: Updating Maven dependencies for project 'jpa-proj'] INFO  o.eclipse.m2e.core.internal.Bundles - 	Entry: D:\Installed softs\eclipse\plugins\org.eclipse.m2e.maven.runtime_3.9.400.20230826-0755\jars\maven-resolver-transport-wagon-1.9.14.jar
2024-05-16 11:34:23,428 [Worker-26: Updating Maven dependencies for project 'jpa-proj'] INFO  o.eclipse.m2e.core.internal.Bundles - 	Entry: D:\Installed softs\eclipse\plugins\org.eclipse.m2e.maven.runtime_3.9.400.20230826-0755\jars\maven-resolver-util-1.9.14.jar
2024-05-16 11:34:23,428 [Worker-26: Updating Maven dependencies for project 'jpa-proj'] INFO  o.eclipse.m2e.core.internal.Bundles - 	Entry: D:\Installed softs\eclipse\plugins\org.eclipse.m2e.maven.runtime_3.9.400.20230826-0755\jars\maven-settings-3.9.4.jar
2024-05-16 11:34:23,428 [Worker-26: Updating Maven dependencies for project 'jpa-proj'] INFO  o.eclipse.m2e.core.internal.Bundles - 	Entry: D:\Installed softs\eclipse\plugins\org.eclipse.m2e.maven.runtime_3.9.400.20230826-0755\jars\maven-settings-builder-3.9.4.jar
2024-05-16 11:34:23,428 [Worker-26: Updating Maven dependencies for project 'jpa-proj'] INFO  o.eclipse.m2e.core.internal.Bundles - 	Entry: D:\Installed softs\eclipse\plugins\org.eclipse.m2e.maven.runtime_3.9.400.20230826-0755\jars\maven-shared-utils-3.3.4.jar
2024-05-16 11:34:23,428 [Worker-26: Updating Maven dependencies for project 'jpa-proj'] INFO  o.eclipse.m2e.core.internal.Bundles - 	Entry: D:\Installed softs\eclipse\plugins\org.eclipse.m2e.maven.runtime_3.9.400.20230826-0755\jars\okhttp-3.14.1.jar
2024-05-16 11:34:23,428 [Worker-26: Updating Maven dependencies for project 'jpa-proj'] INFO  o.eclipse.m2e.core.internal.Bundles - 	Entry: D:\Installed softs\eclipse\plugins\org.eclipse.m2e.maven.runtime_3.9.400.20230826-0755\jars\okio-1.17.3.jar
2024-05-16 11:34:23,429 [Worker-26: Updating Maven dependencies for project 'jpa-proj'] INFO  o.eclipse.m2e.core.internal.Bundles - 	Entry: D:\Installed softs\eclipse\plugins\org.eclipse.m2e.maven.runtime_3.9.400.20230826-0755\jars\org.eclipse.sisu.inject-0.3.5.jar
2024-05-16 11:34:23,429 [Worker-26: Updating Maven dependencies for project 'jpa-proj'] INFO  o.eclipse.m2e.core.internal.Bundles - 	Entry: D:\Installed softs\eclipse\plugins\org.eclipse.m2e.maven.runtime_3.9.400.20230826-0755\jars\org.eclipse.sisu.plexus-0.3.5.jar
2024-05-16 11:34:23,429 [Worker-26: Updating Maven dependencies for project 'jpa-proj'] INFO  o.eclipse.m2e.core.internal.Bundles - 	Entry: D:\Installed softs\eclipse\plugins\org.eclipse.m2e.maven.runtime_3.9.400.20230826-0755\jars\plexus-build-api-0.0.7.jar
2024-05-16 11:34:23,429 [Worker-26: Updating Maven dependencies for project 'jpa-proj'] INFO  o.eclipse.m2e.core.internal.Bundles - 	Entry: D:\Installed softs\eclipse\plugins\org.eclipse.m2e.maven.runtime_3.9.400.20230826-0755\jars\plexus-cipher-2.0.jar
2024-05-16 11:34:23,429 [Worker-26: Updating Maven dependencies for project 'jpa-proj'] INFO  o.eclipse.m2e.core.internal.Bundles - 	Entry: D:\Installed softs\eclipse\plugins\org.eclipse.m2e.maven.runtime_3.9.400.20230826-0755\jars\plexus-classworlds-2.7.0.jar
2024-05-16 11:34:23,429 [Worker-26: Updating Maven dependencies for project 'jpa-proj'] INFO  o.eclipse.m2e.core.internal.Bundles - 	Entry: D:\Installed softs\eclipse\plugins\org.eclipse.m2e.maven.runtime_3.9.400.20230826-0755\jars\plexus-component-annotations-2.1.0.jar
2024-05-16 11:34:23,429 [Worker-26: Updating Maven dependencies for project 'jpa-proj'] INFO  o.eclipse.m2e.core.internal.Bundles - 	Entry: D:\Installed softs\eclipse\plugins\org.eclipse.m2e.maven.runtime_3.9.400.20230826-0755\jars\plexus-interpolation-1.26.jar
2024-05-16 11:34:23,429 [Worker-26: Updating Maven dependencies for project 'jpa-proj'] INFO  o.eclipse.m2e.core.internal.Bundles - 	Entry: D:\Installed softs\eclipse\plugins\org.eclipse.m2e.maven.runtime_3.9.400.20230826-0755\jars\plexus-sec-dispatcher-2.0.jar
2024-05-16 11:34:23,429 [Worker-26: Updating Maven dependencies for project 'jpa-proj'] INFO  o.eclipse.m2e.core.internal.Bundles - 	Entry: D:\Installed softs\eclipse\plugins\org.eclipse.m2e.maven.runtime_3.9.400.20230826-0755\jars\plexus-utils-3.5.1.jar
2024-05-16 11:34:23,429 [Worker-26: Updating Maven dependencies for project 'jpa-proj'] INFO  o.eclipse.m2e.core.internal.Bundles - 	Entry: D:\Installed softs\eclipse\plugins\org.eclipse.m2e.maven.runtime_3.9.400.20230826-0755\jars\wagon-file-3.5.3.jar
2024-05-16 11:34:23,429 [Worker-26: Updating Maven dependencies for project 'jpa-proj'] INFO  o.eclipse.m2e.core.internal.Bundles - 	Entry: D:\Installed softs\eclipse\plugins\org.eclipse.m2e.maven.runtime_3.9.400.20230826-0755\jars\wagon-provider-api-3.5.3.jar
2024-05-16 11:34:23,433 [Worker-26: Updating Maven dependencies for project 'jpa-proj'] INFO  o.eclipse.m2e.core.internal.Bundles - getClasspathEntries(Bundle=com.google.guava_32.1.3.jre [996])
2024-05-16 11:34:23,433 [Worker-26: Updating Maven dependencies for project 'jpa-proj'] INFO  o.eclipse.m2e.core.internal.Bundles - 	Entry: D:\Installed softs\eclipse\plugins\com.google.guava_32.1.3.jre.jar
2024-05-16 11:34:23,433 [Worker-26: Updating Maven dependencies for project 'jpa-proj'] INFO  o.eclipse.m2e.core.internal.Bundles - getClasspathEntries(Bundle=slf4j.api_2.0.9 [1117])
2024-05-16 11:34:23,433 [Worker-26: Updating Maven dependencies for project 'jpa-proj'] INFO  o.eclipse.m2e.core.internal.Bundles - 	Entry: D:\Installed softs\eclipse\plugins\slf4j.api_2.0.9.jar
2024-05-16 11:34:23,433 [Worker-26: Updating Maven dependencies for project 'jpa-proj'] INFO  o.eclipse.m2e.core.internal.Bundles - getClasspathEntries(Bundle=javax.inject_1.0.0.v20220405-0441 [38])
2024-05-16 11:34:23,434 [Worker-26: Updating Maven dependencies for project 'jpa-proj'] INFO  o.eclipse.m2e.core.internal.Bundles - 	Entry: D:\Installed softs\eclipse\plugins\javax.inject_1.0.0.v20220405-0441.jar
2024-05-16 11:34:23,434 [Worker-26: Updating Maven dependencies for project 'jpa-proj'] INFO  o.eclipse.m2e.core.internal.Bundles - getClasspathEntries(Bundle=javax.annotation_1.3.5.v20230504-0748 [1002])
2024-05-16 11:34:23,434 [Worker-26: Updating Maven dependencies for project 'jpa-proj'] INFO  o.eclipse.m2e.core.internal.Bundles - 	Entry: D:\Installed softs\eclipse\plugins\javax.annotation_1.3.5.v20230504-0748.jar
2024-05-16 11:34:23,434 [Worker-26: Updating Maven dependencies for project 'jpa-proj'] INFO  o.eclipse.m2e.core.internal.Bundles - getClasspathEntries(Bundle=org.apache.commons.cli_1.6.0 [1010])
2024-05-16 11:34:23,434 [Worker-26: Updating Maven dependencies for project 'jpa-proj'] INFO  o.eclipse.m2e.core.internal.Bundles - 	Entry: D:\Installed softs\eclipse\plugins\org.apache.commons.cli_1.6.0.jar
2024-05-16 11:34:23,434 [Worker-26: Updating Maven dependencies for project 'jpa-proj'] INFO  o.eclipse.m2e.core.internal.Bundles - getClasspathEntries(Bundle=com.google.guava.failureaccess_1.0.2 [998])
2024-05-16 11:34:23,434 [Worker-26: Updating Maven dependencies for project 'jpa-proj'] INFO  o.eclipse.m2e.core.internal.Bundles - 	Entry: D:\Installed softs\eclipse\plugins\com.google.guava.failureaccess_1.0.2.jar
2024-05-16 11:34:23,437 [Worker-26: Updating Maven dependencies for project 'jpa-proj'] INFO  o.eclipse.m2e.core.internal.Bundles - getClasspathEntries(Bundle=org.eclipse.m2e.workspace.cli_0.3.1 [636])
2024-05-16 11:34:23,437 [Worker-26: Updating Maven dependencies for project 'jpa-proj'] INFO  o.eclipse.m2e.core.internal.Bundles - 	Entry: D:\Installed softs\eclipse\plugins\org.eclipse.m2e.workspace.cli_0.3.1.jar
2024-05-16 11:34:23,443 [Worker-26: Updating Maven dependencies for project 'jpa-proj'] INFO  o.e.m.i.launch.MavenLaunchDelegate - Run build in "D:\jayakrishna\git\practice1\jpa-proj":
2024-05-16 11:34:23,450 [Worker-26: Updating Maven dependencies for project 'jpa-proj'] INFO  o.e.m.i.launch.MavenLaunchDelegate -  mvn  -B -Dstyle.color=always eclipse:clean eclipse:eclipse
