#
# There is insufficient memory for the Java Runtime Environment to continue.
# Native memory allocation (mmap) failed to map 12582912 bytes for G1 virtual space
# Possible reasons:
#   The system is out of physical RAM or swap space
#   The process is running with CompressedOops enabled, and the Java Heap may be blocking the growth of the native heap
# Possible solutions:
#   Reduce memory load on the system
#   Increase physical memory or swap space
#   Check if swap backing store is full
#   Decrease Java heap size (-Xmx/-Xms)
#   Decrease number of Java threads
#   Decrease Java thread stack sizes (-Xss)
#   Set larger code cache with -XX:ReservedCodeCacheSize=
#   JVM is running with Unscaled Compressed Oops mode in which the Java heap is
#     placed in the first 4GB address space. The Java Heap base address is the
#     maximum limit for the native heap growth. Please use -XX:HeapBaseMinAddress
#     to set the Java Heap base and to place the Java Heap above 4GB virtual address.
# This output file may be truncated or incomplete.
#
#  Out of Memory Error (os_windows.cpp:3613), pid=16748, tid=19172
#
# JRE version: OpenJDK Runtime Environment Temurin-17.0.9+9 (17.0.9+9) (build 17.0.9+9)
# Java VM: OpenJDK 64-Bit Server VM Temurin-17.0.9+9 (17.0.9+9, mixed mode, emulated-client, tiered, compressed oops, compressed class ptrs, g1 gc, windows-amd64)
# No core dump will be written. Minidumps are not enabled by default on client versions of Windows
#

---------------  S U M M A R Y ------------

Command Line: -Dcom.sun.management.jmxremote -Dcom.sun.management.jmxremote.port=64566 -Dcom.sun.management.jmxremote.authenticate=false -Dcom.sun.management.jmxremote.ssl=false -Djava.rmi.server.hostname=localhost -Dspring.jmx.enabled=true -Dmanagement.endpoints.jmx.exposure.include=* -Dspring.application.admin.enabled=true -XX:TieredStopAtLevel=1 -Dspring.boot.project.name=cards -Dfile.encoding=UTF-8 -Dstdout.encoding=UTF-8 -Dstderr.encoding=UTF-8 -XX:+ShowCodeDetailsInExceptionMessages com.zettamine.cards.CardsApplication --spring.output.ansi.enabled=always

Host: Intel(R) Core(TM) i5-8350U CPU @ 1.70GHz, 8 cores, 7G,  Windows 11 , 64 bit Build 22621 (10.0.22621.3235)
Time: Mon Mar 18 13:14:11 2024 India Standard Time elapsed time: 8.012809 seconds (0d 0h 0m 8s)

---------------  T H R E A D  ---------------

Current thread (0x0000023d7f3499f0):  VMThread "VM Thread" [stack: 0x000000d7e9200000,0x000000d7e9300000] [id=19172]

Stack: [0x000000d7e9200000,0x000000d7e9300000]
Native frames: (J=compiled Java code, j=interpreted, Vv=VM code, C=native code)
V  [jvm.dll+0x67cf49]
V  [jvm.dll+0x83478a]
V  [jvm.dll+0x83624e]
V  [jvm.dll+0x8368b3]
V  [jvm.dll+0x247f1f]
V  [jvm.dll+0x679d69]
V  [jvm.dll+0x66e6ba]
V  [jvm.dll+0x307e5b]
V  [jvm.dll+0x30f306]
V  [jvm.dll+0x35f0ce]
V  [jvm.dll+0x35f2ff]
V  [jvm.dll+0x2dea58]
V  [jvm.dll+0x2dcc34]
V  [jvm.dll+0x2dc23c]
V  [jvm.dll+0x3205e1]
V  [jvm.dll+0x83adab]
V  [jvm.dll+0x83baf1]
V  [jvm.dll+0x83c00d]
V  [jvm.dll+0x83c3e4]
V  [jvm.dll+0x83c4b0]
V  [jvm.dll+0x7e3c3a]
V  [jvm.dll+0x67be35]
C  [ucrtbase.dll+0x29363]
C  [KERNEL32.DLL+0x1257d]
C  [ntdll.dll+0x5aa58]

VM_Operation (0x000000d7e8cfd330): G1TryInitiateConcMark, mode: safepoint, requested by thread 0x0000023d73ded6f0


---------------  P R O C E S S  ---------------

Threads class SMR info:
_java_thread_list=0x0000023d0786aa00, length=21, elements={
0x0000023d73ded6f0, 0x0000023d7fc370e0, 0x0000023d7fc37d70, 0x0000023d7fc7f290,
0x0000023d7fc7fc60, 0x0000023d7fc80b50, 0x0000023d7fc87290, 0x0000023d7fc8b6f0,
0x0000023d7fc94420, 0x0000023d7fc88be0, 0x0000023d7fddfd70, 0x0000023d7fc886d0,
0x0000023d7fc87cb0, 0x0000023d7fc890f0, 0x0000023d7fc8aa40, 0x0000023d7fc89600,
0x0000023d7fc89b10, 0x0000023d7fc877a0, 0x0000023d7fc8a530, 0x0000023d071d2670,
0x0000023d7fc881c0
}

Java Threads: ( => current thread )
  0x0000023d73ded6f0 JavaThread "main" [_thread_blocked, id=20120, stack(0x000000d7e8c00000,0x000000d7e8d00000)]
  0x0000023d7fc370e0 JavaThread "Reference Handler" daemon [_thread_blocked, id=17952, stack(0x000000d7e9300000,0x000000d7e9400000)]
  0x0000023d7fc37d70 JavaThread "Finalizer" daemon [_thread_blocked, id=5516, stack(0x000000d7e9400000,0x000000d7e9500000)]
  0x0000023d7fc7f290 JavaThread "Signal Dispatcher" daemon [_thread_blocked, id=23648, stack(0x000000d7e9500000,0x000000d7e9600000)]
  0x0000023d7fc7fc60 JavaThread "Attach Listener" daemon [_thread_blocked, id=11948, stack(0x000000d7e9600000,0x000000d7e9700000)]
  0x0000023d7fc80b50 JavaThread "Service Thread" daemon [_thread_blocked, id=23368, stack(0x000000d7e9700000,0x000000d7e9800000)]
  0x0000023d7fc87290 JavaThread "Monitor Deflation Thread" daemon [_thread_blocked, id=14544, stack(0x000000d7e9800000,0x000000d7e9900000)]
  0x0000023d7fc8b6f0 JavaThread "C1 CompilerThread0" daemon [_thread_blocked, id=13488, stack(0x000000d7e9900000,0x000000d7e9a00000)]
  0x0000023d7fc94420 JavaThread "Sweeper thread" daemon [_thread_blocked, id=12500, stack(0x000000d7e9a00000,0x000000d7e9b00000)]
  0x0000023d7fc88be0 JavaThread "Common-Cleaner" daemon [_thread_blocked, id=6640, stack(0x000000d7e9b00000,0x000000d7e9c00000)]
  0x0000023d7fddfd70 JavaThread "C1 CompilerThread1" daemon [_thread_blocked, id=1584, stack(0x000000d7e9c00000,0x000000d7e9d00000)]
  0x0000023d7fc886d0 JavaThread "Notification Thread" daemon [_thread_blocked, id=29972, stack(0x000000d7e9d00000,0x000000d7e9e00000)]
  0x0000023d7fc87cb0 JavaThread "RMI TCP Accept-0" daemon [_thread_in_native, id=26096, stack(0x000000d7e9e00000,0x000000d7e9f00000)]
  0x0000023d7fc890f0 JavaThread "RMI TCP Accept-64566" daemon [_thread_in_native, id=22580, stack(0x000000d7e9f00000,0x000000d7ea000000)]
  0x0000023d7fc8aa40 JavaThread "RMI TCP Connection(1)-127.0.0.1" daemon [_thread_in_native, id=25364, stack(0x000000d7ea000000,0x000000d7ea100000)]
  0x0000023d7fc89600 JavaThread "RMI TCP Accept-0" daemon [_thread_in_native, id=23652, stack(0x000000d7ea100000,0x000000d7ea200000)]
  0x0000023d7fc89b10 JavaThread "RMI Scheduler(0)" daemon [_thread_blocked, id=20560, stack(0x000000d7ea300000,0x000000d7ea400000)]
  0x0000023d7fc877a0 JavaThread "RMI TCP Connection(2)-127.0.0.1" daemon [_thread_in_native, id=12108, stack(0x000000d7ea400000,0x000000d7ea500000)]
  0x0000023d7fc8a530 JavaThread "JMX server connection timeout 22" daemon [_thread_blocked, id=19860, stack(0x000000d7ea500000,0x000000d7ea600000)]
  0x0000023d071d2670 JavaThread "C1 CompilerThread2" daemon [_thread_blocked, id=20348, stack(0x000000d7eb000000,0x000000d7eb100000)]
  0x0000023d7fc881c0 JavaThread "Keep-Alive-Timer" daemon [_thread_blocked, id=584, stack(0x000000d7eb200000,0x000000d7eb300000)]

Other Threads:
=>0x0000023d7f3499f0 VMThread "VM Thread" [stack: 0x000000d7e9200000,0x000000d7e9300000] [id=19172]
  0x0000023d067588d0 WatcherThread [stack: 0x000000d7ea200000,0x000000d7ea300000] [id=21320]
  0x0000023d73e49190 GCTaskThread "GC Thread#0" [stack: 0x000000d7e8d00000,0x000000d7e8e00000] [id=30520]
  0x0000023d06ef5400 GCTaskThread "GC Thread#1" [stack: 0x000000d7ea600000,0x000000d7ea700000] [id=9316]
  0x0000023d0684a8e0 GCTaskThread "GC Thread#2" [stack: 0x000000d7ea700000,0x000000d7ea800000] [id=27272]
  0x0000023d06f377c0 GCTaskThread "GC Thread#3" [stack: 0x000000d7ea800000,0x000000d7ea900000] [id=25852]
  0x0000023d06fd8ed0 GCTaskThread "GC Thread#4" [stack: 0x000000d7ea900000,0x000000d7eaa00000] [id=19384]
  0x0000023d06fe3fd0 GCTaskThread "GC Thread#5" [stack: 0x000000d7eaa00000,0x000000d7eab00000] [id=17084]
  0x0000023d06fe46a0 GCTaskThread "GC Thread#6" [stack: 0x000000d7eab00000,0x000000d7eac00000] [id=26920]
  0x0000023d06fe7b80 GCTaskThread "GC Thread#7" [stack: 0x000000d7eac00000,0x000000d7ead00000] [id=29964]
  0x0000023d7f1927b0 ConcurrentGCThread "G1 Main Marker" [stack: 0x000000d7e8e00000,0x000000d7e8f00000] [id=18020]
  0x0000023d7f192fe0 ConcurrentGCThread "G1 Conc#0" [stack: 0x000000d7e8f00000,0x000000d7e9000000] [id=17268]
  0x0000023d06fe6dc0 ConcurrentGCThread "G1 Conc#1" [stack: 0x000000d7eaf00000,0x000000d7eb000000] [id=27808]
  0x0000023d7f1f6160 ConcurrentGCThread "G1 Refine#0" [stack: 0x000000d7e9000000,0x000000d7e9100000] [id=2764]
  0x0000023d068fe7d0 ConcurrentGCThread "G1 Refine#1" [stack: 0x000000d7ead00000,0x000000d7eae00000] [id=17468]
  0x0000023d7ff710b0 ConcurrentGCThread "G1 Refine#2" [stack: 0x000000d7eae00000,0x000000d7eaf00000] [id=2368]
  0x0000023d7f1f6840 ConcurrentGCThread "G1 Service" [stack: 0x000000d7e9100000,0x000000d7e9200000] [id=17596]

Threads with active compile tasks:

VM state: at safepoint (normal execution)

VM Mutex/Monitor currently owned by a thread:  ([mutex/lock_event])
[0x0000023d73de9b10] Threads_lock - owner thread: 0x0000023d7f3499f0
[0x0000023d73dea530] Heap_lock - owner thread: 0x0000023d73ded6f0

Heap address: 0x0000000081e00000, size: 2018 MB, Compressed Oops mode: 32-bit

CDS archive(s) not mapped
Compressed class space mapped at: 0x0000000100000000-0x0000000140000000, reserved size: 1073741824
Narrow klass base: 0x0000000000000000, Narrow klass shift: 3, Narrow klass range: 0x140000000

GC Precious Log:
 CPUs: 8 total, 8 available
 Memory: 8071M
 Large Page Support: Disabled
 NUMA Support: Disabled
 Compressed Oops: Enabled (32-bit)
 Heap Region Size: 1M
 Heap Min Capacity: 8M
 Heap Initial Capacity: 128M
 Heap Max Capacity: 2018M
 Pre-touch: Disabled
 Parallel Workers: 8
 Concurrent Workers: 2
 Concurrent Refinement Workers: 8
 Periodic GC: Disabled

Heap:
 garbage-first heap   total 58368K, used 29050K [0x0000000081e00000, 0x0000000100000000)
  region size 1024K, 3 young (3072K), 3 survivors (3072K)
 Metaspace       used 48734K, committed 49280K, reserved 1114112K
  class space    used 6444K, committed 6720K, reserved 1048576K

Heap Regions: E=young(eden), S=young(survivor), O=old, HS=humongous(starts), HC=humongous(continues), CS=collection set, F=free, OA=open archive, CA=closed archive, TAMS=top-at-mark-start (previous, next)
|   0|0x0000000081e00000, 0x0000000081f00000, 0x0000000081f00000|100%|HS|  |TAMS 0x0000000081f00000, 0x0000000081f00000| Complete 
|   1|0x0000000081f00000, 0x0000000082000000, 0x0000000082000000|100%|HS|  |TAMS 0x0000000082000000, 0x0000000082000000| Complete 
|   2|0x0000000082000000, 0x0000000082100000, 0x0000000082100000|100%| O|  |TAMS 0x0000000082100000, 0x0000000082100000| Untracked 
|   3|0x0000000082100000, 0x0000000082200000, 0x0000000082200000|100%| O|  |TAMS 0x0000000082200000, 0x0000000082200000| Untracked 
|   4|0x0000000082200000, 0x0000000082300000, 0x0000000082300000|100%| O|  |TAMS 0x0000000082300000, 0x0000000082300000| Untracked 
|   5|0x0000000082300000, 0x0000000082400000, 0x0000000082400000|100%| O|  |TAMS 0x0000000082400000, 0x0000000082400000| Untracked 
|   6|0x0000000082400000, 0x0000000082500000, 0x0000000082500000|100%| O|  |TAMS 0x0000000082500000, 0x0000000082500000| Untracked 
|   7|0x0000000082500000, 0x0000000082600000, 0x0000000082600000|100%| O|  |TAMS 0x0000000082600000, 0x0000000082600000| Untracked 
|   8|0x0000000082600000, 0x0000000082700000, 0x0000000082700000|100%| O|  |TAMS 0x0000000082700000, 0x0000000082700000| Untracked 
|   9|0x0000000082700000, 0x0000000082800000, 0x0000000082800000|100%| O|  |TAMS 0x0000000082800000, 0x0000000082800000| Untracked 
|  10|0x0000000082800000, 0x0000000082866600, 0x0000000082900000| 39%| O|  |TAMS 0x0000000082866600, 0x0000000082866600| Untracked 
|  11|0x0000000082900000, 0x0000000082a00000, 0x0000000082a00000|100%| O|  |TAMS 0x0000000082a00000, 0x0000000082a00000| Untracked 
|  12|0x0000000082a00000, 0x0000000082b00000, 0x0000000082b00000|100%| O|  |TAMS 0x0000000082b00000, 0x0000000082b00000| Untracked 
|  13|0x0000000082b00000, 0x0000000082c00000, 0x0000000082c00000|100%| O|  |TAMS 0x0000000082c00000, 0x0000000082c00000| Untracked 
|  14|0x0000000082c00000, 0x0000000082d00000, 0x0000000082d00000|100%| O|  |TAMS 0x0000000082d00000, 0x0000000082d00000| Untracked 
|  15|0x0000000082d00000, 0x0000000082e00000, 0x0000000082e00000|100%| O|  |TAMS 0x0000000082e00000, 0x0000000082e00000| Untracked 
|  16|0x0000000082e00000, 0x0000000082f00000, 0x0000000082f00000|100%| O|  |TAMS 0x0000000082f00000, 0x0000000082f00000| Untracked 
|  17|0x0000000082f00000, 0x0000000083000000, 0x0000000083000000|100%| O|  |TAMS 0x0000000083000000, 0x0000000083000000| Untracked 
|  18|0x0000000083000000, 0x0000000083100000, 0x0000000083100000|100%| O|  |TAMS 0x00000000830d7400, 0x0000000083100000| Untracked 
|  19|0x0000000083100000, 0x0000000083200000, 0x0000000083200000|100%| O|  |TAMS 0x0000000083100000, 0x0000000083200000| Untracked 
|  20|0x0000000083200000, 0x0000000083300000, 0x0000000083300000|100%| O|  |TAMS 0x0000000083200000, 0x0000000083300000| Untracked 
|  21|0x0000000083300000, 0x0000000083400000, 0x0000000083400000|100%| O|  |TAMS 0x0000000083300000, 0x0000000083400000| Untracked 
|  22|0x0000000083400000, 0x0000000083500000, 0x0000000083500000|100%| O|  |TAMS 0x0000000083400000, 0x0000000083500000| Untracked 
|  23|0x0000000083500000, 0x0000000083600000, 0x0000000083600000|100%| O|  |TAMS 0x0000000083500000, 0x0000000083600000| Untracked 
|  24|0x0000000083600000, 0x0000000083700000, 0x0000000083700000|100%| O|  |TAMS 0x0000000083600000, 0x0000000083700000| Untracked 
|  25|0x0000000083700000, 0x00000000837f8200, 0x0000000083800000| 96%| O|  |TAMS 0x0000000083700000, 0x000000008373dc00| Untracked 
|  26|0x0000000083800000, 0x0000000083800000, 0x0000000083900000|  0%| F|  |TAMS 0x0000000083800000, 0x0000000083800000| Untracked 
|  27|0x0000000083900000, 0x0000000083900000, 0x0000000083a00000|  0%| F|  |TAMS 0x0000000083900000, 0x0000000083900000| Untracked 
|  28|0x0000000083a00000, 0x0000000083a00000, 0x0000000083b00000|  0%| F|  |TAMS 0x0000000083a00000, 0x0000000083a00000| Untracked 
|  29|0x0000000083b00000, 0x0000000083b00000, 0x0000000083c00000|  0%| F|  |TAMS 0x0000000083b00000, 0x0000000083b00000| Untracked 
|  30|0x0000000083c00000, 0x0000000083c00000, 0x0000000083d00000|  0%| F|  |TAMS 0x0000000083c00000, 0x0000000083c00000| Untracked 
|  31|0x0000000083d00000, 0x0000000083d00000, 0x0000000083e00000|  0%| F|  |TAMS 0x0000000083d00000, 0x0000000083d00000| Untracked 
|  32|0x0000000083e00000, 0x0000000083e00000, 0x0000000083f00000|  0%| F|  |TAMS 0x0000000083e00000, 0x0000000083e00000| Untracked 
|  33|0x0000000083f00000, 0x0000000083f00000, 0x0000000084000000|  0%| F|  |TAMS 0x0000000083f00000, 0x0000000083f00000| Untracked 
|  34|0x0000000084000000, 0x0000000084100000, 0x0000000084100000|100%| S|CS|TAMS 0x0000000084000000, 0x0000000084000000| Complete 
|  35|0x0000000084100000, 0x0000000084200000, 0x0000000084200000|100%| S|CS|TAMS 0x0000000084100000, 0x0000000084100000| Complete 
|  36|0x0000000084200000, 0x0000000084200000, 0x0000000084300000|  0%| F|  |TAMS 0x0000000084200000, 0x0000000084200000| Untracked 
|  37|0x0000000084300000, 0x0000000084300000, 0x0000000084400000|  0%| F|  |TAMS 0x0000000084300000, 0x0000000084300000| Untracked 
|  38|0x0000000084400000, 0x0000000084500000, 0x0000000084500000|100%| S|CS|TAMS 0x0000000084400000, 0x0000000084400000| Complete 
|  39|0x0000000084500000, 0x0000000084500000, 0x0000000084600000|  0%| F|  |TAMS 0x0000000084500000, 0x0000000084500000| Untracked 
|  40|0x0000000084600000, 0x0000000084600000, 0x0000000084700000|  0%| F|  |TAMS 0x0000000084600000, 0x0000000084600000| Untracked 
|  41|0x0000000084700000, 0x0000000084700000, 0x0000000084800000|  0%| F|  |TAMS 0x0000000084700000, 0x0000000084700000| Untracked 
|  42|0x0000000084800000, 0x0000000084800000, 0x0000000084900000|  0%| F|  |TAMS 0x0000000084800000, 0x0000000084800000| Untracked 
|  43|0x0000000084900000, 0x0000000084900000, 0x0000000084a00000|  0%| F|  |TAMS 0x0000000084900000, 0x0000000084900000| Untracked 
|  44|0x0000000084a00000, 0x0000000084a00000, 0x0000000084b00000|  0%| F|  |TAMS 0x0000000084a00000, 0x0000000084a00000| Untracked 
|  45|0x0000000084b00000, 0x0000000084b00000, 0x0000000084c00000|  0%| F|  |TAMS 0x0000000084b00000, 0x0000000084b00000| Untracked 
|  46|0x0000000084c00000, 0x0000000084c00000, 0x0000000084d00000|  0%| F|  |TAMS 0x0000000084c00000, 0x0000000084c00000| Untracked 
|  47|0x0000000084d00000, 0x0000000084d00000, 0x0000000084e00000|  0%| F|  |TAMS 0x0000000084d00000, 0x0000000084d00000| Untracked 
|  48|0x0000000084e00000, 0x0000000084e00000, 0x0000000084f00000|  0%| F|  |TAMS 0x0000000084e00000, 0x0000000084e00000| Untracked 
|  49|0x0000000084f00000, 0x0000000084f00000, 0x0000000085000000|  0%| F|  |TAMS 0x0000000084f00000, 0x0000000084f00000| Untracked 
|  50|0x0000000085000000, 0x0000000085000000, 0x0000000085100000|  0%| F|  |TAMS 0x0000000085000000, 0x0000000085000000| Untracked 
|  51|0x0000000085100000, 0x0000000085100000, 0x0000000085200000|  0%| F|  |TAMS 0x0000000085100000, 0x0000000085100000| Untracked 
|  52|0x0000000085200000, 0x0000000085200000, 0x0000000085300000|  0%| F|  |TAMS 0x0000000085200000, 0x0000000085200000| Untracked 
|  53|0x0000000085300000, 0x0000000085300000, 0x0000000085400000|  0%| F|  |TAMS 0x0000000085300000, 0x0000000085300000| Untracked 
| 118|0x0000000089400000, 0x0000000089400000, 0x0000000089500000|  0%| F|  |TAMS 0x0000000089400000, 0x0000000089400000| Untracked 
| 119|0x0000000089500000, 0x0000000089500000, 0x0000000089600000|  0%| F|  |TAMS 0x0000000089500000, 0x0000000089500000| Untracked 
| 127|0x0000000089d00000, 0x0000000089d00000, 0x0000000089e00000|  0%| F|  |TAMS 0x0000000089d00000, 0x0000000089d00000| Untracked 

Card table byte_map: [0x0000023d7a9a0000,0x0000023d7ada0000] _byte_map_base: 0x0000023d7a591000

Marking Bits (Prev, Next): (CMBitMap*) 0x0000023d73e496c0, (CMBitMap*) 0x0000023d73e49700
 Prev Bits: [0x0000023d7b1a0000, 0x0000023d7d128000)
 Next Bits: [0x0000023d7d130000, 0x0000023d7f0b8000)

Polling page: 0x0000023d71d60000

Metaspace:

Usage:
  Non-class:     41.30 MB used.
      Class:      6.29 MB used.
       Both:     47.59 MB used.

Virtual space:
  Non-class space:       64.00 MB reserved,      41.56 MB ( 65%) committed,  1 nodes.
      Class space:        1.00 GB reserved,       6.56 MB ( <1%) committed,  1 nodes.
             Both:        1.06 GB reserved,      48.12 MB (  4%) committed. 

Chunk freelists:
   Non-Class:  6.48 MB
       Class:  9.48 MB
        Both:  15.96 MB

MaxMetaspaceSize: unlimited
CompressedClassSpaceSize: 1.00 GB
Initial GC threshold: 21.00 MB
Current GC threshold: 59.06 MB
CDS: off
MetaspaceReclaimPolicy: balanced
 - commit_granule_bytes: 65536.
 - commit_granule_words: 8192.
 - virtual_space_node_default_size: 8388608.
 - enlarge_chunks_in_place: 1.
 - new_chunks_are_fully_committed: 0.
 - uncommit_free_chunks: 1.
 - use_allocation_guard: 0.
 - handle_deallocations: 1.


Internal statistics:

num_allocs_failed_limit: 6.
num_arena_births: 634.
num_arena_deaths: 2.
num_vsnodes_births: 2.
num_vsnodes_deaths: 0.
num_space_committed: 770.
num_space_uncommitted: 0.
num_chunks_returned_to_freelist: 8.
num_chunks_taken_from_freelist: 2094.
num_chunk_merges: 6.
num_chunk_splits: 1460.
num_chunks_enlarged: 1081.
num_inconsistent_stats: 0.

CodeCache: size=49152Kb used=9550Kb max_used=9550Kb free=39601Kb
 bounds [0x0000023d77490000, 0x0000023d77df0000, 0x0000023d7a490000]
 total_blobs=5051 nmethods=4504 adapters=472
 compilation: enabled
              stopped_count=0, restarted_count=0
 full_count=0

Compilation events (20 events):
Event: 7.992 Thread 0x0000023d7fc8b6f0 4495       1       sun.nio.fs.WindowsPath::checkRead (17 bytes)
Event: 7.992 Thread 0x0000023d7fddfd70 4496       1       java.net.URI::decode (73 bytes)
Event: 7.992 Thread 0x0000023d7fc8b6f0 nmethod 4495 0x0000023d77de0d90 code [0x0000023d77de0f20, 0x0000023d77de1028]
Event: 7.992 Thread 0x0000023d7fddfd70 nmethod 4496 0x0000023d77de1110 code [0x0000023d77de12c0, 0x0000023d77de1438]
Event: 7.993 Thread 0x0000023d7fc8b6f0 4497       1       sun.nio.fs.WindowsFileAttributes::fileKey (2 bytes)
Event: 7.994 Thread 0x0000023d7fc8b6f0 nmethod 4497 0x0000023d77de1490 code [0x0000023d77de1620, 0x0000023d77de16f8]
Event: 7.995 Thread 0x0000023d7fddfd70 4498       1       sun.nio.fs.WindowsPathParser::parse (6 bytes)
Event: 7.995 Thread 0x0000023d071d2670 4499       1       sun.nio.fs.WindowsPath::getFileSystem (5 bytes)
Event: 7.996 Thread 0x0000023d071d2670 nmethod 4499 0x0000023d77de1790 code [0x0000023d77de1920, 0x0000023d77de19f8]
Event: 7.996 Thread 0x0000023d7fddfd70 nmethod 4498 0x0000023d77de1a90 code [0x0000023d77de1c20, 0x0000023d77de1ce8]
Event: 7.996 Thread 0x0000023d071d2670 4500       1       sun.nio.fs.WindowsPath::parse (26 bytes)
Event: 7.996 Thread 0x0000023d071d2670 nmethod 4500 0x0000023d77de1d90 code [0x0000023d77de1f40, 0x0000023d77de21e8]
Event: 7.996 Thread 0x0000023d7fc8b6f0 4503       1       sun.nio.fs.WindowsFileSystem::getPath (106 bytes)
Event: 7.996 Thread 0x0000023d7fddfd70 4501       1       java.util.Collections::newSetFromMap (9 bytes)
Event: 7.996 Thread 0x0000023d071d2670 4502       1       java.util.Collections$SetFromMap::<init> (39 bytes)
Event: 7.997 Thread 0x0000023d7fddfd70 nmethod 4501 0x0000023d77de2310 code [0x0000023d77de24a0, 0x0000023d77de25c8]
Event: 7.997 Thread 0x0000023d7fddfd70 4504       1       java.nio.file.FileSystems::getDefault (14 bytes)
Event: 7.997 Thread 0x0000023d071d2670 nmethod 4502 0x0000023d77de2690 code [0x0000023d77de2860, 0x0000023d77de2ac8]
Event: 7.997 Thread 0x0000023d7fddfd70 nmethod 4504 0x0000023d77de2b90 code [0x0000023d77de2d20, 0x0000023d77de2e38]
Event: 7.998 Thread 0x0000023d7fc8b6f0 nmethod 4503 0x0000023d77de2f10 code [0x0000023d77de3120, 0x0000023d77de37d8]

GC Heap History (20 events):
Event: 3.681 GC heap after
{Heap after GC invocations=5 (full 0):
 garbage-first heap   total 48128K, used 13721K [0x0000000081e00000, 0x0000000100000000)
  region size 1024K, 3 young (3072K), 3 survivors (3072K)
 Metaspace       used 26776K, committed 27136K, reserved 1114112K
  class space    used 3141K, committed 3328K, reserved 1048576K
}
Event: 4.799 GC heap before
{Heap before GC invocations=5 (full 0):
 garbage-first heap   total 48128K, used 31129K [0x0000000081e00000, 0x0000000100000000)
  region size 1024K, 21 young (21504K), 3 survivors (3072K)
 Metaspace       used 29795K, committed 30144K, reserved 1114112K
  class space    used 3600K, committed 3776K, reserved 1048576K
}
Event: 4.805 GC heap after
{Heap after GC invocations=6 (full 0):
 garbage-first heap   total 48128K, used 14628K [0x0000000081e00000, 0x0000000100000000)
  region size 1024K, 3 young (3072K), 3 survivors (3072K)
 Metaspace       used 29795K, committed 30144K, reserved 1114112K
  class space    used 3600K, committed 3776K, reserved 1048576K
}
Event: 5.099 GC heap before
{Heap before GC invocations=6 (full 0):
 garbage-first heap   total 48128K, used 32036K [0x0000000081e00000, 0x0000000100000000)
  region size 1024K, 21 young (21504K), 3 survivors (3072K)
 Metaspace       used 33020K, committed 33344K, reserved 1114112K
  class space    used 4135K, committed 4288K, reserved 1048576K
}
Event: 5.106 GC heap after
{Heap after GC invocations=7 (full 0):
 garbage-first heap   total 48128K, used 16372K [0x0000000081e00000, 0x0000000100000000)
  region size 1024K, 3 young (3072K), 3 survivors (3072K)
 Metaspace       used 33020K, committed 33344K, reserved 1114112K
  class space    used 4135K, committed 4288K, reserved 1048576K
}
Event: 5.429 GC heap before
{Heap before GC invocations=7 (full 0):
 garbage-first heap   total 48128K, used 32756K [0x0000000081e00000, 0x0000000100000000)
  region size 1024K, 20 young (20480K), 3 survivors (3072K)
 Metaspace       used 34679K, committed 34944K, reserved 1114112K
  class space    used 4317K, committed 4416K, reserved 1048576K
}
Event: 5.436 GC heap after
{Heap after GC invocations=8 (full 0):
 garbage-first heap   total 48128K, used 18767K [0x0000000081e00000, 0x0000000100000000)
  region size 1024K, 3 young (3072K), 3 survivors (3072K)
 Metaspace       used 34679K, committed 34944K, reserved 1114112K
  class space    used 4317K, committed 4416K, reserved 1048576K
}
Event: 5.701 GC heap before
{Heap before GC invocations=8 (full 0):
 garbage-first heap   total 48128K, used 34127K [0x0000000081e00000, 0x0000000100000000)
  region size 1024K, 18 young (18432K), 3 survivors (3072K)
 Metaspace       used 35434K, committed 35712K, reserved 1114112K
  class space    used 4432K, committed 4544K, reserved 1048576K
}
Event: 5.708 GC heap after
{Heap after GC invocations=9 (full 0):
 garbage-first heap   total 48128K, used 19918K [0x0000000081e00000, 0x0000000100000000)
  region size 1024K, 2 young (2048K), 2 survivors (2048K)
 Metaspace       used 35434K, committed 35712K, reserved 1114112K
  class space    used 4432K, committed 4544K, reserved 1048576K
}
Event: 5.919 GC heap before
{Heap before GC invocations=9 (full 0):
 garbage-first heap   total 48128K, used 33230K [0x0000000081e00000, 0x0000000100000000)
  region size 1024K, 16 young (16384K), 2 survivors (2048K)
 Metaspace       used 35870K, committed 36160K, reserved 1114112K
  class space    used 4504K, committed 4608K, reserved 1048576K
}
Event: 5.926 GC heap after
{Heap after GC invocations=10 (full 0):
 garbage-first heap   total 58368K, used 21012K [0x0000000081e00000, 0x0000000100000000)
  region size 1024K, 3 young (3072K), 3 survivors (3072K)
 Metaspace       used 35870K, committed 36160K, reserved 1114112K
  class space    used 4504K, committed 4608K, reserved 1048576K
}
Event: 6.340 GC heap before
{Heap before GC invocations=11 (full 0):
 garbage-first heap   total 58368K, used 42516K [0x0000000081e00000, 0x0000000100000000)
  region size 1024K, 24 young (24576K), 3 survivors (3072K)
 Metaspace       used 38478K, committed 38848K, reserved 1114112K
  class space    used 4886K, committed 5056K, reserved 1048576K
}
Event: 6.346 GC heap after
{Heap after GC invocations=12 (full 0):
 garbage-first heap   total 58368K, used 22507K [0x0000000081e00000, 0x0000000100000000)
  region size 1024K, 3 young (3072K), 3 survivors (3072K)
 Metaspace       used 38478K, committed 38848K, reserved 1114112K
  class space    used 4886K, committed 5056K, reserved 1048576K
}
Event: 6.750 GC heap before
{Heap before GC invocations=12 (full 0):
 garbage-first heap   total 58368K, used 44011K [0x0000000081e00000, 0x0000000100000000)
  region size 1024K, 24 young (24576K), 3 survivors (3072K)
 Metaspace       used 41078K, committed 41472K, reserved 1114112K
  class space    used 5384K, committed 5568K, reserved 1048576K
}
Event: 6.757 GC heap after
{Heap after GC invocations=13 (full 0):
 garbage-first heap   total 58368K, used 23850K [0x0000000081e00000, 0x0000000100000000)
  region size 1024K, 3 young (3072K), 3 survivors (3072K)
 Metaspace       used 41078K, committed 41472K, reserved 1114112K
  class space    used 5384K, committed 5568K, reserved 1048576K
}
Event: 7.153 GC heap before
{Heap before GC invocations=13 (full 0):
 garbage-first heap   total 58368K, used 45354K [0x0000000081e00000, 0x0000000100000000)
  region size 1024K, 24 young (24576K), 3 survivors (3072K)
 Metaspace       used 43682K, committed 44096K, reserved 1114112K
  class space    used 5780K, committed 6016K, reserved 1048576K
}
Event: 7.168 GC heap after
{Heap after GC invocations=14 (full 0):
 garbage-first heap   total 58368K, used 25381K [0x0000000081e00000, 0x0000000100000000)
  region size 1024K, 3 young (3072K), 3 survivors (3072K)
 Metaspace       used 43682K, committed 44096K, reserved 1114112K
  class space    used 5780K, committed 6016K, reserved 1048576K
}
Event: 7.644 GC heap before
{Heap before GC invocations=14 (full 0):
 garbage-first heap   total 58368K, used 44837K [0x0000000081e00000, 0x0000000100000000)
  region size 1024K, 22 young (22528K), 3 survivors (3072K)
 Metaspace       used 46637K, committed 47104K, reserved 1114112K
  class space    used 6161K, committed 6400K, reserved 1048576K
}
Event: 7.654 GC heap after
{Heap after GC invocations=15 (full 0):
 garbage-first heap   total 58368K, used 27104K [0x0000000081e00000, 0x0000000100000000)
  region size 1024K, 2 young (2048K), 2 survivors (2048K)
 Metaspace       used 46637K, committed 47104K, reserved 1114112K
  class space    used 6161K, committed 6400K, reserved 1048576K
}
Event: 8.001 GC heap before
{Heap before GC invocations=15 (full 0):
 garbage-first heap   total 58368K, used 44512K [0x0000000081e00000, 0x0000000100000000)
  region size 1024K, 20 young (20480K), 2 survivors (2048K)
 Metaspace       used 48734K, committed 49280K, reserved 1114112K
  class space    used 6444K, committed 6720K, reserved 1048576K
}

Dll operation events (8 events):
Event: 0.024 Loaded shared library D:\Installed softs\sts-4.21.0.RELEASE\plugins\org.eclipse.justj.openjdk.hotspot.jre.full.win32.x86_64_17.0.9.v20231028-0858\jre\bin\java.dll
Event: 0.362 Loaded shared library D:\Installed softs\sts-4.21.0.RELEASE\plugins\org.eclipse.justj.openjdk.hotspot.jre.full.win32.x86_64_17.0.9.v20231028-0858\jre\bin\jimage.dll
Event: 0.391 Loaded shared library D:\Installed softs\sts-4.21.0.RELEASE\plugins\org.eclipse.justj.openjdk.hotspot.jre.full.win32.x86_64_17.0.9.v20231028-0858\jre\bin\net.dll
Event: 0.394 Loaded shared library D:\Installed softs\sts-4.21.0.RELEASE\plugins\org.eclipse.justj.openjdk.hotspot.jre.full.win32.x86_64_17.0.9.v20231028-0858\jre\bin\nio.dll
Event: 0.402 Loaded shared library D:\Installed softs\sts-4.21.0.RELEASE\plugins\org.eclipse.justj.openjdk.hotspot.jre.full.win32.x86_64_17.0.9.v20231028-0858\jre\bin\zip.dll
Event: 0.564 Loaded shared library D:\Installed softs\sts-4.21.0.RELEASE\plugins\org.eclipse.justj.openjdk.hotspot.jre.full.win32.x86_64_17.0.9.v20231028-0858\jre\bin\management.dll
Event: 0.584 Loaded shared library D:\Installed softs\sts-4.21.0.RELEASE\plugins\org.eclipse.justj.openjdk.hotspot.jre.full.win32.x86_64_17.0.9.v20231028-0858\jre\bin\management_ext.dll
Event: 5.067 Loaded shared library D:\Installed softs\sts-4.21.0.RELEASE\plugins\org.eclipse.justj.openjdk.hotspot.jre.full.win32.x86_64_17.0.9.v20231028-0858\jre\bin\sunmscapi.dll

Deoptimization events (10 events):
Event: 1.086 Thread 0x0000023d73ded6f0 DEOPT PACKING pc=0x0000023d776b08dd sp=0x000000d7e8cfc720
Event: 1.086 Thread 0x0000023d73ded6f0 DEOPT UNPACKING pc=0x0000023d774e7143 sp=0x000000d7e8cfbc88 mode 3
Event: 2.654 Thread 0x0000023d73ded6f0 DEOPT PACKING pc=0x0000023d776b2b8c sp=0x000000d7e8cfddf0
Event: 2.654 Thread 0x0000023d73ded6f0 DEOPT UNPACKING pc=0x0000023d774e7143 sp=0x000000d7e8cfd2b8 mode 0
Event: 4.793 Thread 0x0000023d73ded6f0 DEOPT PACKING pc=0x0000023d77a65f19 sp=0x000000d7e8cfd5e0
Event: 4.793 Thread 0x0000023d73ded6f0 DEOPT UNPACKING pc=0x0000023d774e7143 sp=0x000000d7e8cfcac0 mode 3
Event: 4.857 Thread 0x0000023d73ded6f0 DEOPT PACKING pc=0x0000023d77a85755 sp=0x000000d7e8cfe1a0
Event: 4.857 Thread 0x0000023d73ded6f0 DEOPT UNPACKING pc=0x0000023d774e7143 sp=0x000000d7e8cfd648 mode 3
Event: 7.363 Thread 0x0000023d73ded6f0 DEOPT PACKING pc=0x0000023d77d1a08a sp=0x000000d7e8cfdaf0
Event: 7.363 Thread 0x0000023d73ded6f0 DEOPT UNPACKING pc=0x0000023d774e7143 sp=0x000000d7e8cfd088 mode 0

Classes unloaded (1 events):
Event: 2.274 Thread 0x0000023d7f3499f0 Unloading class 0x0000000100144000 'java/lang/invoke/LambdaForm$MH+0x0000000100144000'

Classes redefined (0 events):
No events

Internal exceptions (20 events):
Event: 6.993 Thread 0x0000023d73ded6f0 Exception <a 'java/lang/NoClassDefFoundError'{0x00000000848cf830}: org/jooq/DSLContext> (0x00000000848cf830) 
thrown [s\src\hotspot\share\classfile\systemDictionary.cpp, line 245]
Event: 6.994 Thread 0x0000023d73ded6f0 Exception <a 'java/lang/NoClassDefFoundError'{0x00000000848e7ef8}: org/springframework/batch/core/repository/JobRepository> (0x00000000848e7ef8) 
thrown [s\src\hotspot\share\classfile\systemDictionary.cpp, line 245]
Event: 6.994 Thread 0x0000023d73ded6f0 Exception <a 'java/lang/NoClassDefFoundError'{0x00000000848ea728}: org/quartz/Scheduler> (0x00000000848ea728) 
thrown [s\src\hotspot\share\classfile\systemDictionary.cpp, line 245]
Event: 6.994 Thread 0x0000023d73ded6f0 Exception <a 'java/lang/NoClassDefFoundError'{0x00000000848ed660}: org/springframework/session/jdbc/JdbcIndexedSessionRepository> (0x00000000848ed660) 
thrown [s\src\hotspot\share\classfile\systemDictionary.cpp, line 245]
Event: 7.236 Thread 0x0000023d73ded6f0 Exception <a 'java/lang/ArrayIndexOutOfBoundsException'{0x00000000894b6f20}: Index 13 out of bounds for length 13> (0x00000000894b6f20) 
thrown [s\src\hotspot\share\interpreter\interpreterRuntime.cpp, line 428]
Event: 7.236 Thread 0x0000023d73ded6f0 Exception <a 'java/lang/ArrayIndexOutOfBoundsException'{0x00000000894b7538}: Index 13 out of bounds for length 13> (0x00000000894b7538) 
thrown [s\src\hotspot\share\interpreter\interpreterRuntime.cpp, line 428]
Event: 7.329 Thread 0x0000023d73ded6f0 Exception <a 'java/lang/ArrayIndexOutOfBoundsException'{0x00000000851defc8}: Index 21 out of bounds for length 21> (0x00000000851defc8) 
thrown [s\src\hotspot\share\interpreter\interpreterRuntime.cpp, line 428]
Event: 7.329 Thread 0x0000023d73ded6f0 Exception <a 'java/lang/ArrayIndexOutOfBoundsException'{0x00000000851df590}: Index 21 out of bounds for length 21> (0x00000000851df590) 
thrown [s\src\hotspot\share\interpreter\interpreterRuntime.cpp, line 428]
Event: 7.386 Thread 0x0000023d7fc877a0 Exception <a 'java/lang/reflect/InvocationTargetException'{0x0000000084e01b90}> (0x0000000084e01b90) 
thrown [s\src\hotspot\share\runtime\reflection.cpp, line 1121]
Event: 7.622 Thread 0x0000023d73ded6f0 Exception <a 'java/lang/NoSuchMethodError'{0x00000000845aefe0}: 'void java.lang.invoke.DirectMethodHandle$Holder.invokeSpecial(java.lang.Object, java.lang.Object, java.lang.Object, java.lang.Object, java.lang.Object, java.lang.Object, java.lang.Object)'> (0x00000000845aefe0) 
thrown [s\src\hotspot\share\interpreter\linkResolver.cpp, line 759]
Event: 7.663 Thread 0x0000023d73ded6f0 Exception <a 'java/lang/NoSuchMethodError'{0x0000000089d53ad0}: 'void java.lang.invoke.DirectMethodHandle$Holder.invokeInterface(java.lang.Object, java.lang.Object, int)'> (0x0000000089d53ad0) 
thrown [s\src\hotspot\share\interpreter\linkResolver.cpp, line 759]
Event: 7.669 Thread 0x0000023d73ded6f0 Exception <a 'java/lang/IncompatibleClassChangeError'{0x0000000089da3690}: Found class java.lang.Object, but interface was expected> (0x0000000089da3690) 
thrown [s\src\hotspot\share\interpreter\linkResolver.cpp, line 826]
Event: 7.671 Thread 0x0000023d73ded6f0 Exception <a 'java/lang/NoSuchMethodError'{0x0000000089dbba98}: 'void java.lang.invoke.DirectMethodHandle$Holder.invokeStatic(java.lang.Object, int, java.lang.Object)'> (0x0000000089dbba98) 
thrown [s\src\hotspot\share\interpreter\linkResolver.cpp, line 759]
Event: 7.675 Thread 0x0000023d73ded6f0 Exception <a 'java/lang/NoSuchMethodError'{0x0000000089df7f40}: 'void java.lang.invoke.DirectMethodHandle$Holder.invokeVirtual(java.lang.Object, java.lang.Object, int)'> (0x0000000089df7f40) 
thrown [s\src\hotspot\share\interpreter\linkResolver.cpp, line 759]
Event: 7.675 Thread 0x0000023d73ded6f0 Exception <a 'java/lang/NoSuchMethodError'{0x0000000089dfe138}: 'void java.lang.invoke.DirectMethodHandle$Holder.invokeStatic(java.lang.Object, java.lang.Object, java.lang.Object, int, java.lang.Object)'> (0x0000000089dfe138) 
thrown [s\src\hotspot\share\interpreter\linkResolver.cpp, line 759]
Event: 7.675 Thread 0x0000023d73ded6f0 Exception <a 'java/lang/NoSuchMethodError'{0x0000000089505878}: 'java.lang.Object java.lang.invoke.DirectMethodHandle$Holder.newInvokeSpecial(java.lang.Object, java.lang.Object, java.lang.Object, int)'> (0x0000000089505878) 
thrown [s\src\hotspot\share\interpreter\linkResolver.cpp, line 759]
Event: 7.889 Thread 0x0000023d7fc877a0 Exception <a 'java/lang/reflect/InvocationTargetException'{0x0000000084a5bf88}> (0x0000000084a5bf88) 
thrown [s\src\hotspot\share\runtime\reflection.cpp, line 1121]
Event: 7.927 Thread 0x0000023d73ded6f0 Exception <a 'java/lang/NoSuchMethodError'{0x00000000849bd480}: 'java.lang.Object java.lang.invoke.DirectMethodHandle$Holder.invokeSpecial(java.lang.Object, java.lang.Object, long, java.lang.Object, java.lang.Object, java.lang.Object, java.lang.Object, java.lang.Object, java.lang.Object)'> (0x00000000849bd480) 
thrown [s\src\hotspot\share\interpreter\linkResolver.cpp, line 759]
Event: 7.927 Thread 0x0000023d73ded6f0 Exception <a 'java/lang/NoSuchMethodError'{0x00000000849c1fa8}: 'java.lang.Object java.lang.invoke.DelegatingMethodHandle$Holder.reinvoke_L(java.lang.Object, long, java.lang.Object, java.lang.Object, java.lang.Object, java.lang.Object, java.lang.Object, java.lang.Object)'> (0x00000000849c1fa8) 
thrown [s\src\hotspot\share\interpreter\linkResolver.cpp, line 759]
Event: 7.976 Thread 0x0000023d73ded6f0 Exception <a 'java/io/FileNotFoundException'{0x0000000084769958}> (0x0000000084769958) 
thrown [s\src\hotspot\share\prims\jni.cpp, line 516]

VM Operations (20 events):
Event: 6.890 Executing VM operation: HandshakeAllThreads done
Event: 7.034 Executing VM operation: HandshakeAllThreads
Event: 7.034 Executing VM operation: HandshakeAllThreads done
Event: 7.073 Executing VM operation: HandshakeAllThreads
Event: 7.073 Executing VM operation: HandshakeAllThreads done
Event: 7.153 Executing VM operation: G1CollectForAllocation
Event: 7.168 Executing VM operation: G1CollectForAllocation done
Event: 7.232 Executing VM operation: HandshakeAllThreads
Event: 7.232 Executing VM operation: HandshakeAllThreads done
Event: 7.233 Executing VM operation: HandshakeAllThreads
Event: 7.233 Executing VM operation: HandshakeAllThreads done
Event: 7.243 Executing VM operation: HandshakeAllThreads
Event: 7.243 Executing VM operation: HandshakeAllThreads done
Event: 7.362 Executing VM operation: HandshakeAllThreads
Event: 7.362 Executing VM operation: HandshakeAllThreads done
Event: 7.644 Executing VM operation: G1CollectForAllocation
Event: 7.654 Executing VM operation: G1CollectForAllocation done
Event: 7.891 Executing VM operation: HandshakeAllThreads
Event: 7.891 Executing VM operation: HandshakeAllThreads done
Event: 8.001 Executing VM operation: G1TryInitiateConcMark

Events (20 events):
Event: 7.836 loading class java/beans/PropertyChangeEvent
Event: 7.836 loading class java/beans/PropertyChangeEvent done
Event: 7.853 loading class java/nio/BufferUnderflowException
Event: 7.853 loading class java/nio/BufferUnderflowException done
Event: 7.890 loading class java/lang/instrument/IllegalClassFormatException
Event: 7.890 loading class java/lang/instrument/IllegalClassFormatException done
Event: 7.914 loading class java/util/logging/LogRecord
Event: 7.914 loading class java/util/logging/LogRecord done
Event: 7.922 loading class java/lang/invoke/BoundMethodHandle$Species_LLLLLLLLLL
Event: 7.923 loading class java/lang/invoke/BoundMethodHandle$Species_LLLLLLLLLL done
Event: 7.924 loading class java/lang/invoke/BoundMethodHandle$Species_LLLLLLLLLLL
Event: 7.924 loading class java/lang/invoke/BoundMethodHandle$Species_LLLLLLLLLLL done
Event: 7.925 loading class java/lang/invoke/BoundMethodHandle$Species_LLLLLLLLLLLL
Event: 7.925 loading class java/lang/invoke/BoundMethodHandle$Species_LLLLLLLLLLLL done
Event: 7.926 loading class java/lang/invoke/BoundMethodHandle$Species_LLLLLLLLLLLLL
Event: 7.926 loading class java/lang/invoke/BoundMethodHandle$Species_LLLLLLLLLLLLL done
Event: 7.963 loading class java/util/stream/ReduceOps$2
Event: 7.963 loading class java/util/stream/ReduceOps$2 done
Event: 7.963 loading class java/util/stream/ReduceOps$2ReducingSink
Event: 7.963 loading class java/util/stream/ReduceOps$2ReducingSink done


Dynamic libraries:
0x00007ff783c70000 - 0x00007ff783c7e000 	D:\Installed softs\sts-4.21.0.RELEASE\plugins\org.eclipse.justj.openjdk.hotspot.jre.full.win32.x86_64_17.0.9.v20231028-0858\jre\bin\javaw.exe
0x00007ffd0c530000 - 0x00007ffd0c746000 	C:\WINDOWS\SYSTEM32\ntdll.dll
0x00007ffccf9a0000 - 0x00007ffccf9b9000 	C:\Program Files\AVG\Antivirus\aswhook.dll
0x00007ffd0b690000 - 0x00007ffd0b754000 	C:\WINDOWS\System32\KERNEL32.DLL
0x00007ffd098f0000 - 0x00007ffd09c96000 	C:\WINDOWS\System32\KERNELBASE.dll
0x00007ffd09eb0000 - 0x00007ffd09fc1000 	C:\WINDOWS\System32\ucrtbase.dll
0x00007ffcf4dc0000 - 0x00007ffcf4ddb000 	D:\Installed softs\sts-4.21.0.RELEASE\plugins\org.eclipse.justj.openjdk.hotspot.jre.full.win32.x86_64_17.0.9.v20231028-0858\jre\bin\VCRUNTIME140.dll
0x00007ffcd4120000 - 0x00007ffcd4137000 	D:\Installed softs\sts-4.21.0.RELEASE\plugins\org.eclipse.justj.openjdk.hotspot.jre.full.win32.x86_64_17.0.9.v20231028-0858\jre\bin\jli.dll
0x00007ffd0a280000 - 0x00007ffd0a42d000 	C:\WINDOWS\System32\USER32.dll
0x00007ffd0a070000 - 0x00007ffd0a096000 	C:\WINDOWS\System32\win32u.dll
0x00007ffce4680000 - 0x00007ffce4913000 	C:\WINDOWS\WinSxS\amd64_microsoft.windows.common-controls_6595b64144ccf1df_6.0.22621.3235_none_270f74e173860f98\COMCTL32.dll
0x00007ffd0b980000 - 0x00007ffd0b9a9000 	C:\WINDOWS\System32\GDI32.dll
0x00007ffd0bfa0000 - 0x00007ffd0c047000 	C:\WINDOWS\System32\msvcrt.dll
0x00007ffd09d90000 - 0x00007ffd09ea8000 	C:\WINDOWS\System32\gdi32full.dll
0x00007ffd09fd0000 - 0x00007ffd0a06a000 	C:\WINDOWS\System32\msvcp_win.dll
0x00007ffd0c1d0000 - 0x00007ffd0c201000 	C:\WINDOWS\System32\IMM32.DLL
0x00007ffcf4db0000 - 0x00007ffcf4dbc000 	D:\Installed softs\sts-4.21.0.RELEASE\plugins\org.eclipse.justj.openjdk.hotspot.jre.full.win32.x86_64_17.0.9.v20231028-0858\jre\bin\vcruntime140_1.dll
0x00007ffcb9ae0000 - 0x00007ffcb9b6d000 	D:\Installed softs\sts-4.21.0.RELEASE\plugins\org.eclipse.justj.openjdk.hotspot.jre.full.win32.x86_64_17.0.9.v20231028-0858\jre\bin\msvcp140.dll
0x00007ffca60e0000 - 0x00007ffca6d41000 	D:\Installed softs\sts-4.21.0.RELEASE\plugins\org.eclipse.justj.openjdk.hotspot.jre.full.win32.x86_64_17.0.9.v20231028-0858\jre\bin\server\jvm.dll
0x00007ffd0aae0000 - 0x00007ffd0ab92000 	C:\WINDOWS\System32\ADVAPI32.dll
0x00007ffd0c210000 - 0x00007ffd0c2b8000 	C:\WINDOWS\System32\sechost.dll
0x00007ffd09d60000 - 0x00007ffd09d88000 	C:\WINDOWS\System32\bcrypt.dll
0x00007ffd0c0b0000 - 0x00007ffd0c1c5000 	C:\WINDOWS\System32\RPCRT4.dll
0x00007ffd086c0000 - 0x00007ffd0870d000 	C:\WINDOWS\SYSTEM32\POWRPROF.dll
0x00007ffd023c0000 - 0x00007ffd023f4000 	C:\WINDOWS\SYSTEM32\WINMM.dll
0x00007ffd01c30000 - 0x00007ffd01c3a000 	C:\WINDOWS\SYSTEM32\VERSION.dll
0x00007ffcf6bd0000 - 0x00007ffcf6bd9000 	C:\WINDOWS\SYSTEM32\WSOCK32.dll
0x00007ffd0b610000 - 0x00007ffd0b681000 	C:\WINDOWS\System32\WS2_32.dll
0x00007ffd086a0000 - 0x00007ffd086b3000 	C:\WINDOWS\SYSTEM32\UMPDC.dll
0x00007ffd08960000 - 0x00007ffd08978000 	C:\WINDOWS\SYSTEM32\kernel.appcore.dll
0x00007ffd02360000 - 0x00007ffd0236a000 	D:\Installed softs\sts-4.21.0.RELEASE\plugins\org.eclipse.justj.openjdk.hotspot.jre.full.win32.x86_64_17.0.9.v20231028-0858\jre\bin\jimage.dll
0x00007ffd071d0000 - 0x00007ffd07403000 	C:\WINDOWS\SYSTEM32\DBGHELP.DLL
0x00007ffd0a6a0000 - 0x00007ffd0aa28000 	C:\WINDOWS\System32\combase.dll
0x00007ffd0b410000 - 0x00007ffd0b4e7000 	C:\WINDOWS\System32\OLEAUT32.dll
0x00007ffcfea30000 - 0x00007ffcfea62000 	C:\WINDOWS\SYSTEM32\dbgcore.DLL
0x00007ffd09870000 - 0x00007ffd098ea000 	C:\WINDOWS\System32\bcryptPrimitives.dll
0x00007ffccb290000 - 0x00007ffccb2b5000 	D:\Installed softs\sts-4.21.0.RELEASE\plugins\org.eclipse.justj.openjdk.hotspot.jre.full.win32.x86_64_17.0.9.v20231028-0858\jre\bin\java.dll
0x00007ffcd18a0000 - 0x00007ffcd18b8000 	D:\Installed softs\sts-4.21.0.RELEASE\plugins\org.eclipse.justj.openjdk.hotspot.jre.full.win32.x86_64_17.0.9.v20231028-0858\jre\bin\zip.dll
0x00007ffd0aba0000 - 0x00007ffd0b3fd000 	C:\WINDOWS\System32\SHELL32.dll
0x00007ffd07790000 - 0x00007ffd08088000 	C:\WINDOWS\SYSTEM32\windows.storage.dll
0x00007ffd07650000 - 0x00007ffd0778e000 	C:\WINDOWS\SYSTEM32\wintypes.dll
0x00007ffd0b4f0000 - 0x00007ffd0b5e3000 	C:\WINDOWS\System32\SHCORE.dll
0x00007ffd0b920000 - 0x00007ffd0b97e000 	C:\WINDOWS\System32\shlwapi.dll
0x00007ffd097a0000 - 0x00007ffd097c6000 	C:\WINDOWS\SYSTEM32\profapi.dll
0x00007ffcce670000 - 0x00007ffcce689000 	D:\Installed softs\sts-4.21.0.RELEASE\plugins\org.eclipse.justj.openjdk.hotspot.jre.full.win32.x86_64_17.0.9.v20231028-0858\jre\bin\net.dll
0x00007ffd01ab0000 - 0x00007ffd01be7000 	C:\WINDOWS\SYSTEM32\WINHTTP.dll
0x00007ffd08dd0000 - 0x00007ffd08e39000 	C:\WINDOWS\system32\mswsock.dll
0x00007ffccdae0000 - 0x00007ffccdaf6000 	D:\Installed softs\sts-4.21.0.RELEASE\plugins\org.eclipse.justj.openjdk.hotspot.jre.full.win32.x86_64_17.0.9.v20231028-0858\jre\bin\nio.dll
0x00007ffd05e80000 - 0x00007ffd05e89000 	D:\Installed softs\sts-4.21.0.RELEASE\plugins\org.eclipse.justj.openjdk.hotspot.jre.full.win32.x86_64_17.0.9.v20231028-0858\jre\bin\management.dll
0x00007ffd03ff0000 - 0x00007ffd03ffb000 	D:\Installed softs\sts-4.21.0.RELEASE\plugins\org.eclipse.justj.openjdk.hotspot.jre.full.win32.x86_64_17.0.9.v20231028-0858\jre\bin\management_ext.dll
0x00007ffd0c2c0000 - 0x00007ffd0c2c8000 	C:\WINDOWS\System32\PSAPI.DLL
0x00007ffceb730000 - 0x00007ffceb747000 	C:\WINDOWS\system32\napinsp.dll
0x00007ffceb750000 - 0x00007ffceb76b000 	C:\WINDOWS\system32\pnrpnsp.dll
0x00007ffd083d0000 - 0x00007ffd084c9000 	C:\WINDOWS\SYSTEM32\DNSAPI.dll
0x00007ffd08360000 - 0x00007ffd0838d000 	C:\WINDOWS\SYSTEM32\IPHLPAPI.DLL
0x00007ffd0a690000 - 0x00007ffd0a699000 	C:\WINDOWS\System32\NSI.dll
0x00007ffceb9b0000 - 0x00007ffceb9c1000 	C:\WINDOWS\System32\winrnr.dll
0x00007ffd01120000 - 0x00007ffd01135000 	C:\WINDOWS\system32\wshbth.dll
0x00007ffceb770000 - 0x00007ffceb791000 	C:\WINDOWS\system32\nlansp_c.dll
0x00007ffcfe960000 - 0x00007ffcfe96a000 	C:\Windows\System32\rasadhlp.dll
0x00007ffd00460000 - 0x00007ffd004e3000 	C:\WINDOWS\System32\fwpuclnt.dll
0x00007ffd09120000 - 0x00007ffd0913b000 	C:\WINDOWS\SYSTEM32\CRYPTSP.dll
0x00007ffd088c0000 - 0x00007ffd088f5000 	C:\WINDOWS\system32\rsaenh.dll
0x00007ffd08e70000 - 0x00007ffd08e9c000 	C:\WINDOWS\SYSTEM32\USERENV.dll
0x00007ffd09100000 - 0x00007ffd0910c000 	C:\WINDOWS\SYSTEM32\CRYPTBASE.dll
0x00007ffd01cc0000 - 0x00007ffd01cd9000 	C:\WINDOWS\SYSTEM32\dhcpcsvc6.DLL
0x00007ffd01ce0000 - 0x00007ffd01cff000 	C:\WINDOWS\SYSTEM32\dhcpcsvc.DLL
0x00007ffcf5400000 - 0x00007ffcf540e000 	D:\Installed softs\sts-4.21.0.RELEASE\plugins\org.eclipse.justj.openjdk.hotspot.jre.full.win32.x86_64_17.0.9.v20231028-0858\jre\bin\sunmscapi.dll
0x00007ffd0a0a0000 - 0x00007ffd0a206000 	C:\WINDOWS\System32\CRYPT32.dll
0x00007ffd09230000 - 0x00007ffd0925e000 	C:\WINDOWS\SYSTEM32\ncrypt.dll
0x00007ffd091f0000 - 0x00007ffd09227000 	C:\WINDOWS\SYSTEM32\NTASN1.dll

dbghelp: loaded successfully - version: 4.0.5 - missing functions: none
symbol engine: initialized successfully - sym options: 0x614 - pdb path: .;D:\Installed softs\sts-4.21.0.RELEASE\plugins\org.eclipse.justj.openjdk.hotspot.jre.full.win32.x86_64_17.0.9.v20231028-0858\jre\bin;C:\WINDOWS\SYSTEM32;C:\Program Files\AVG\Antivirus;C:\WINDOWS\WinSxS\amd64_microsoft.windows.common-controls_6595b64144ccf1df_6.0.22621.3235_none_270f74e173860f98;D:\Installed softs\sts-4.21.0.RELEASE\plugins\org.eclipse.justj.openjdk.hotspot.jre.full.win32.x86_64_17.0.9.v20231028-0858\jre\bin\server

VM Arguments:
jvm_args: -Dcom.sun.management.jmxremote -Dcom.sun.management.jmxremote.port=64566 -Dcom.sun.management.jmxremote.authenticate=false -Dcom.sun.management.jmxremote.ssl=false -Djava.rmi.server.hostname=localhost -Dspring.jmx.enabled=true -Dmanagement.endpoints.jmx.exposure.include=* -Dspring.application.admin.enabled=true -XX:TieredStopAtLevel=1 -Dspring.boot.project.name=cards -Dfile.encoding=UTF-8 -Dstdout.encoding=UTF-8 -Dstderr.encoding=UTF-8 -XX:+ShowCodeDetailsInExceptionMessages 
java_command: com.zettamine.cards.CardsApplication --spring.output.ansi.enabled=always
java_class_path (initial): D:\jayakrishna\circuit-breaker\cards\target\classes;C:\Users\S Jaya Krishna\.m2\repository\org\springframework\boot\spring-boot-starter-actuator\3.2.3\spring-boot-starter-actuator-3.2.3.jar;C:\Users\S Jaya Krishna\.m2\repository\org\springframework\boot\spring-boot-starter\3.2.3\spring-boot-starter-3.2.3.jar;C:\Users\S Jaya Krishna\.m2\repository\org\springframework\boot\spring-boot\3.2.3\spring-boot-3.2.3.jar;C:\Users\S Jaya Krishna\.m2\repository\org\springframework\boot\spring-boot-autoconfigure\3.2.3\spring-boot-autoconfigure-3.2.3.jar;C:\Users\S Jaya Krishna\.m2\repository\org\springframework\boot\spring-boot-starter-logging\3.2.3\spring-boot-starter-logging-3.2.3.jar;C:\Users\S Jaya Krishna\.m2\repository\ch\qos\logback\logback-classic\1.4.14\logback-classic-1.4.14.jar;C:\Users\S Jaya Krishna\.m2\repository\ch\qos\logback\logback-core\1.4.14\logback-core-1.4.14.jar;C:\Users\S Jaya Krishna\.m2\repository\org\apache\logging\log4j\log4j-to-slf4j\2.21.1\log4j-to-slf4j-2.21.1.jar;C:\Users\S Jaya Krishna\.m2\repository\org\apache\logging\log4j\log4j-api\2.21.1\log4j-api-2.21.1.jar;C:\Users\S Jaya Krishna\.m2\repository\org\slf4j\jul-to-slf4j\2.0.12\jul-to-slf4j-2.0.12.jar;C:\Users\S Jaya Krishna\.m2\repository\jakarta\annotation\jakarta.annotation-api\2.1.1\jakarta.annotation-api-2.1.1.jar;C:\Users\S Jaya Krishna\.m2\repository\org\yaml\snakeyaml\2.2\snakeyaml-2.2.jar;C:\Users\S Jaya Krishna\.m2\repository\org\springframework\boot\spring-boot-actuator-autoconfigure\3.2.3\spring-boot-actuator-autoconfigure-3.2.3.jar;C:\Users\S Jaya Krishna\.m2\repository\org\springframework\boot\spring-boot-actuator\3.2.3\spring-boot-actuator-3.2.3.jar;C:\Users\S Jaya Krishna\.m2\repository\com\fasterxml\jackson\datatype\jackson-datatype-jsr310\2.15.4\jackson-datatype-jsr310-2.15.4.jar;C:\Users\S Jaya Krishna\.m2\repository\io\micrometer\micrometer-observation\1.12.3\micrometer-observation-1.12.3.jar;C:\Users\S Jaya Krishna\.m2\repository\io\micrometer\mi
Launcher Type: SUN_STANDARD

[Global flags]
     intx CICompilerCount                          = 4                                         {product} {ergonomic}
     uint ConcGCThreads                            = 2                                         {product} {ergonomic}
     uint G1ConcRefinementThreads                  = 8                                         {product} {ergonomic}
   size_t G1HeapRegionSize                         = 1048576                                   {product} {ergonomic}
    uintx GCDrainStackTargetSize                   = 64                                        {product} {ergonomic}
   size_t InitialHeapSize                          = 134217728                                 {product} {ergonomic}
     bool ManagementServer                         = true                                      {product} {command line}
   size_t MarkStackSize                            = 4194304                                   {product} {ergonomic}
   size_t MaxHeapSize                              = 2116026368                                {product} {ergonomic}
   size_t MaxNewSize                               = 1268776960                                {product} {ergonomic}
   size_t MinHeapDeltaBytes                        = 1048576                                   {product} {ergonomic}
   size_t MinHeapSize                              = 8388608                                   {product} {ergonomic}
    uintx NonProfiledCodeHeapSize                  = 0                                      {pd product} {ergonomic}
     bool ProfileInterpreter                       = false                                  {pd product} {command line}
    uintx ProfiledCodeHeapSize                     = 0                                      {pd product} {ergonomic}
     bool ShowCodeDetailsInExceptionMessages       = true                                   {manageable} {command line}
   size_t SoftMaxHeapSize                          = 2116026368                             {manageable} {ergonomic}
     intx TieredStopAtLevel                        = 1                                         {product} {command line}
     bool UseCompressedClassPointers               = true                           {product lp64_product} {ergonomic}
     bool UseCompressedOops                        = true                           {product lp64_product} {ergonomic}
     bool UseG1GC                                  = true                                      {product} {ergonomic}
     bool UseLargePagesIndividualAllocation        = false                                  {pd product} {ergonomic}

Logging:
Log output configuration:
 #0: stdout all=warning uptime,level,tags
 #1: stderr all=off uptime,level,tags

Environment Variables:
JAVA_HOME=D:\java versions\jdk-17.0.9
PATH=D:/Installed softs/sts-4.21.0.RELEASE//plugins/org.eclipse.justj.openjdk.hotspot.jre.full.win32.x86_64_17.0.9.v20231028-0858/jre/bin/server;D:/Installed softs/sts-4.21.0.RELEASE//plugins/org.eclipse.justj.openjdk.hotspot.jre.full.win32.x86_64_17.0.9.v20231028-0858/jre/bin;C:\Program Files\Common Files\Oracle\Java\javapath;C:\Program Files (x86)\Common Files\Oracle\Java\javapath;C:\WINDOWS\system32;C:\WINDOWS;C:\WINDOWS\System32\Wbem;C:\WINDOWS\System32\WindowsPowerShell\v1.0\;C:\WINDOWS\System32\OpenSSH\;C:\Program Files\Intel\WiFi\bin\;C:\Program Files\Common Files\Intel\WirelessCommon\;C:\Program Files\Git\cmd;C:\Program Files\Docker\Docker\resources\bin;C:\Users\S Jaya Krishna\scoop\shims;C:\Program Files\MySQL\MySQL Shell 8.0\bin\;C:\Program Files\Java\jdk-11\bin;C:\Users\S Jaya Krishna\AppData\Local\Microsoft\WindowsApps;D:\jaya krishna\java\apache-maven-3.9.6\bin;C:\Users\S Jaya Krishna\AppData\Local\Programs\Microsoft VS Code\bin;C:\Users\S Jaya Krishna\AppData\Local\GitHubDesktop\bin;C:\WINDOWS\System32;
USERNAME=S Jaya Krishna
OS=Windows_NT
PROCESSOR_IDENTIFIER=Intel64 Family 6 Model 142 Stepping 10, GenuineIntel
TMP=C:\Users\SJAYAK~1\AppData\Local\Temp
TEMP=C:\Users\SJAYAK~1\AppData\Local\Temp



Periodic native trim disabled


---------------  S Y S T E M  ---------------

OS:
 Windows 11 , 64 bit Build 22621 (10.0.22621.3235)
OS uptime: 4 days 1:38 hours
Hyper-V role detected

CPU: total 8 (initial active 8) (4 cores per cpu, 2 threads per core) family 6 model 142 stepping 10 microcode 0xf4, cx8, cmov, fxsr, ht, mmx, 3dnowpref, sse, sse2, sse3, ssse3, sse4.1, sse4.2, popcnt, lzcnt, tsc, tscinvbit, avx, avx2, aes, erms, clmul, bmi1, bmi2, rtm, adx, fma, vzeroupper, clflush, clflushopt, hv
Processor Information for all 8 processors :
  Max Mhz: 1896, Current Mhz: 1696, Mhz Limit: 1687

Memory: 4k page, system-wide physical 8071M (314M free)
TotalPageFile size 17963M (AvailPageFile size 6M)
current process WorkingSet (physical memory assigned to process): 170M, peak: 170M
current process commit charge ("private bytes"): 205M, peak: 234M

vm_info: OpenJDK 64-Bit Server VM (17.0.9+9) for windows-amd64 JRE (17.0.9+9), built on Oct 26 2023 14:01:42 by "admin" with MS VC++ 16.10 / 16.11 (VS2019)

END.
